\BOOKMARK [1][-]{section.1}{\376\377\116\343\145\170\127\372\171\016}{}% 1
\BOOKMARK [2][-]{subsection.1.1}{\376\377\000A\000r\000t\000i\000n\000\040\116\343\145\170\166\204\174\041\146\023\134\015\214\141\000:\000\040\125\256\152\041\000,\000\040\000R\000a\000d\000,\000\040\000T\000o\000p\000,\000\040\121\252\173\111\122\006\211\343}{section.1}% 2
\BOOKMARK [2][-]{subsection.1.2}{\376\377\000A\000r\000t\000i\000n\000\040\116\343\145\170\166\204\127\372\147\054\134\015\120\166\000:\000\040\142\225\134\004\204\313\000,\000\040\121\147\134\004\123\005}{section.1}% 3
\BOOKMARK [2][-]{subsection.1.3}{\376\377\226\334\116\003\226\334\121\153\000:\000\040\000Q\000u\000i\000v\000e\000r\000\040\210\150\171\072\000,\000\040\175\255\136\246\121\154\137\017\000,\000\040\000[\137\205\153\170\230\136\201\363\122\045\206\125\000]}{section.1}% 4
\BOOKMARK [2][-]{subsection.1.4}{\376\377\174\041\125\256\166\204\000\040\000A\000R\000\040\164\006\212\326}{section.1}% 5
\BOOKMARK [3][-]{subsubsection.1.4.1}{\376\377\173\304\165\207\166\204\000\040\000R\000a\000d\000,\000\040\116\015\123\357\175\004\141\113\134\004}{subsection.1.4}% 6
\BOOKMARK [3][-]{subsubsection.1.4.2}{\376\377\151\165\134\017\141\113\134\004}{subsection.1.4}% 7
\BOOKMARK [3][-]{subsubsection.1.4.3}{\376\377\000A\000R\000\040\136\163\171\373\000,\000\040\000P\000D\000F\000s\000t\000r\000i\000n\000g}{subsection.1.4}% 8
\BOOKMARK [3][-]{subsubsection.1.4.4}{\376\377\136\176\116\116\123\357\210\302\167\355\153\143\124\010\122\027}{subsection.1.4}% 9
\BOOKMARK [2][-]{subsection.1.5}{\376\377\000A\000R\000\040\131\047\133\232\164\006}{section.1}% 10
\BOOKMARK [3][-]{subsubsection.1.5.1}{\376\377\121\375\133\120\211\322\136\246}{subsection.1.5}% 11
\BOOKMARK [2][-]{subsection.1.6}{\376\377\116\000\116\233\000\040\000q\000u\000i\000v\000e\000r\000\040\212\010\173\227\000;\000\040\000G\000a\000b\000r\000i\000e\000l\000\040\133\232\164\006}{section.1}% 12
\BOOKMARK [3][-]{subsubsection.1.6.1}{\376\377\173\255\127\026\210\150\171\072\166\204\127\372\147\054\133\232\164\006\000,\000\040\000E\000u\000l\000e\000r\000\040\116\214\153\041\127\213\173\111}{subsection.1.6}% 13
\BOOKMARK [3][-]{subsubsection.1.6.2}{\376\377\136\176\117\125\211\226\211\322}{subsection.1.6}% 14
\BOOKMARK [3][-]{subsubsection.1.6.3}{\376\377\127\026\166\204\175\120\212\326\000:\000\040\116\000\116\233\175\332\140\047\116\343\145\170}{subsection.1.6}% 15
\BOOKMARK [2][-]{subsection.1.7}{\376\377\176\075\175\120\000:\000\040\147\011\226\120\165\037\142\020\152\041\000,\000\040\147\011\226\120\210\150\163\376\152\041\000,\000\040\142\225\134\004\152\041\000,\000\040\121\147\134\004\152\041\000,\000\040\136\163\127\146\152\041\173\111\166\204\175\120\151\313}{section.1}% 16
\BOOKMARK [3][-]{subsubsection.1.7.1}{\376\377\147\011\226\120\210\150\163\376\152\041\166\204\175\120\151\313}{subsection.1.7}% 17
\BOOKMARK [3][-]{subsubsection.1.7.2}{\376\377\147\011\226\120\165\037\142\020\152\041\166\204\175\120\151\313}{subsection.1.7}% 18
\BOOKMARK [3][-]{subsubsection.1.7.3}{\376\377\121\147\134\004\152\041\166\204\175\120\151\313}{subsection.1.7}% 19
\BOOKMARK [3][-]{subsubsection.1.7.4}{\376\377\136\163\127\146\152\041\166\204\175\120\151\313}{subsection.1.7}% 20
\BOOKMARK [2][-]{subsection.1.8}{\376\377\162\171\137\201\152\041\164\006\212\326}{section.1}% 21
\BOOKMARK [2][-]{subsection.1.9}{\376\377\142\225\134\004\152\041\166\204\175\120\151\313\133\232\164\006\000\040\000\050\174\041\125\256\166\204\000\040\000t\000r\000a\000n\000s\000f\000i\000n\000i\000t\000e\000\040\000d\000\351\000v\000i\000s\000s\000a\000g\000e\000\051}{section.1}% 22
\BOOKMARK [3][-]{subsubsection.1.9.1}{\376\377\000P\000D\000F\000s\000t\000r\000i\000n\000g\000\040\202\007\000\040\000P\000D\000F\000s\000t\000r\000i\000n\000g\000\040\166\204\000\040\000B\000a\000e\000r\000\040\124\214\122\073\165\153}{subsection.1.9}% 23
\BOOKMARK [2][-]{subsection.1.10}{\376\377\213\134\136\217\122\027\174\041\116\313}{section.1}% 24
\BOOKMARK [3][-]{subsubsection.1.10.1}{\376\377\213\134\136\217\122\027\166\204\133\232\177\251\000,\000\040\151\313\220\040\000\040\000I\000,\000\040\116\345\123\312\145\066\145\202\140\047\000:\000\040\157\376\220\116\137\251\137\142}{subsection.1.10}% 25
\BOOKMARK [3][-]{subsubsection.1.10.2}{\376\377\213\134\136\217\122\027\166\204\151\313\220\040\000\040\000I\000I\000:\000\040\226\331\211\007\137\142}{subsection.1.10}% 26
\BOOKMARK [3][-]{subsubsection.1.10.3}{\376\377\141\311\165\050\000:\000\040\000A\000R\000\040\136\217\122\027}{subsection.1.10}% 27
\BOOKMARK [3][-]{subsubsection.1.10.4}{\376\377\141\311\165\050\000:\000\040\215\205\124\014\212\277\116\343\145\170}{subsection.1.10}% 28
\BOOKMARK [3][-]{subsubsection.1.10.5}{\376\377\124\010\142\020\121\375\133\120\166\204\213\134\136\217\122\027}{subsection.1.10}% 29
\BOOKMARK [3][-]{subsubsection.1.10.6}{\376\377\213\134\136\217\122\027\166\204\151\313\220\040\000\040\000I\000I\000I\000:\000\040\000`\000`\176\226\175\255\123\026\130\124\000\040\000'\000'\000\050\153\143\124\010\200\046\000\051\000\040\166\364\143\245\212\230\134\016\213\134\136\217\122\027}{subsection.1.10}% 30
\BOOKMARK [1][-]{section.2}{\376\377\000T\000i\000l\000t\000i\000n\000g\000\040\000t\000h\000e\000o\000r\000y}{}% 31
\BOOKMARK [2][-]{subsection.2.1}{\376\377\000T\000o\000r\000s\000i\000o\000n\000\040\000P\000a\000i\000r}{section.2}% 32
\BOOKMARK [3][-]{subsubsection.2.1.1}{\376\377\142\155\134\015\166\204\127\372\147\054\140\047\214\352\000,\000\040\175\120\151\313\000,\000\040\116\345\123\312\173\111\120\371\133\232\177\251}{subsection.2.1}% 33
\BOOKMARK [3][-]{subsubsection.2.1.2}{\376\377\000\050\230\020\120\231\133\232\177\251\000\051\000\040\145\234\177\156\152\041\165\037\142\020\142\155\134\015}{subsection.2.1}% 34
\BOOKMARK [3][-]{subsubsection.2.1.3}{\376\377\000\050\120\117\000\051\000\040\145\234\177\156\152\041\165\037\142\020\142\155\134\015}{subsection.2.1}% 35
\BOOKMARK [2][-]{subsection.2.2}{\376\377\000S\000o\000m\000e\000\040\000s\000p\000e\000c\000t\000r\000a\000l\000\040\000s\000e\000q\000u\000e\000n\000c\000e}{section.2}% 36
\BOOKMARK [3][-]{subsubsection.2.2.1}{\376\377\142\225\134\004\175\255\136\246\147\011\226\120\166\204\145\234\177\156\152\041\000\040\000\050\145\234\177\156\152\041\166\204\143\250\136\343\000\051}{subsection.2.2}% 37
\BOOKMARK [3][-]{subsubsection.2.2.2}{\376\377\213\134\136\217\122\027\166\204\141\311\165\050}{subsection.2.2}% 38
\BOOKMARK [1][-]{section.3}{\376\377\000F\000i\000r\000s\000t\000\040\000S\000e\000c\000t\000i\000o\000n}{}% 39
\BOOKMARK [1][-]{section.4}{\376\377\000T\000e\000r\000m\000i\000n\000o\000l\000o\000g\000i\000e\000s\000\040\000\050\000?\000\051}{}% 40
\BOOKMARK [1][-]{section*.2}{\376\377\000R\000e\000f\000e\000r\000e\000n\000c\000e\000s}{}% 41
